1,0.230760688
2,0.904434739
3,0.902154713
4,0.950882629
5,0.973403852
6,0.05478786
7,0.65496063
8,0.617993402
9,0.832491237
10,0.754372982
11,0.557148932
12,0.629404306
13,0.117454361
14,0.931663351
15,0.974764
16,0.998654
17,0.999212
18,0.99923
19,0.998968
20,0.991832
21,0.998554
22,0.998264
23,0.0
24,0.991573
25,0.986185
26,0.998985
27,0.998843
28,0.964513644
29,0.495941705
30,0.926742532
31,0.566100325
32,0.830917342
33,0.954012383
34,0.980347253
35,0.807516505
36,0.158339756
37,0.80950868
38,0.88035054
39,0.978835412
40,0.975069523
41,0.000969817
42,0.000333487
43,0.000254677
44,0.001597058
45,0.979387554
46,0.98990927
47,0.880062852
48,0.756592707
49,0.0483741
50,0.9858794
51,0.997549807
52,0.995573332
53,0.742436839
54,0.972060551
55,0.986045969
56,0.995292432
57,0.998843
58,0.998985
59,0.986185
60,0.991573
61,0.0
62,0.998264
63,0.998554
64,0.991832
65,0.998968
66,0.99923
67,0.999212
68,0.998654
69,0.974764
70,0.964570782
71,0.017219319
72,0.712774074
73,0.824882597
74,0.986068517
75,0.93480092
76,0.652154976
77,0.000172496
78,0.980057682
79,0.983470426
80,0.900984024
81,0.916042675
82,0.2327682
